# JRE version: OpenJDK Runtime Environment Temurin-21.0.10+7 (21.0.10+7) (build 21.0.10+7-LTS)
# Java VM: OpenJDK 64-Bit Server VM Temurin-21.0.10+7 (21.0.10+7-LTS, mixed mode, sharing, tiered, compressed oops, compressed class ptrs, parallel gc, windows-amd64)
GC Precious Log:
 CardTable entry size: 512
 CPUs: 8 total, 8 available
 Memory: 7975M
 Large Page Support: Disabled
 NUMA Support: Disabled
 Compressed Oops: Enabled (32-bit)
 Alignments: Space 512K, Generation 512K, Heap 2M
 Heap Min Capacity: 100M
 Heap Initial Capacity: 100M
 Heap Max Capacity: 2G
 Pre-touch: Disabled
 Parallel Workers: 8
Heap:
 PSYoungGen      total 7680K, used 6031K [0x00000000d5580000, 0x00000000d5e00000, 0x0000000100000000)
  eden space 7168K, 80% used [0x00000000d5580000,0x00000000d5b23f50,0x00000000d5c80000)
  from space 512K, 50% used [0x00000000d5d80000,0x00000000d5dc0000,0x00000000d5e00000)
  to   space 512K, 0% used [0x00000000d5d00000,0x00000000d5d00000,0x00000000d5d80000)
 ParOldGen       total 850432K, used 850039K [0x0000000080000000, 0x00000000b3e80000, 0x00000000d5580000)
  object space 850432K, 99% used [0x0000000080000000,0x00000000b3e1de48,0x00000000b3e80000)
 Metaspace       used 105926K, committed 107968K, reserved 1179648K
  class space    used 11012K, committed 11968K, reserved 1048576K
GC Heap History (20 events):
Event: 167080.673 GC heap before
{Heap before GC invocations=2797 (full 6):
 PSYoungGen      total 7680K, used 7392K [0x00000000d5580000, 0x00000000d5e00000, 0x0000000100000000)
  eden space 7168K, 100% used [0x00000000d5580000,0x00000000d5c80000,0x00000000d5c80000)
  from space 512K, 43% used [0x00000000d5d80000,0x00000000d5db8000,0x00000000d5e00000)
  to   space 512K, 0% used [0x00000000d5d00000,0x00000000d5d00000,0x00000000d5d80000)
 ParOldGen       total 849920K, used 849463K [0x0000000080000000, 0x00000000b3e00000, 0x00000000d5580000)
  object space 849920K, 99% used [0x0000000080000000,0x00000000b3d8dd28,0x00000000b3e00000)
 Metaspace       used 105894K, committed 107968K, reserved 1179648K
  class space    used 11012K, committed 11968K, reserved 1048576K
}
Event: 167080.802 GC heap after
{Heap after GC invocations=2797 (full 6):
 PSYoungGen      total 7680K, used 224K [0x00000000d5580000, 0x00000000d5e00000, 0x0000000100000000)
  eden space 7168K, 0% used [0x00000000d5580000,0x00000000d5580000,0x00000000d5c80000)
  from space 512K, 43% used [0x00000000d5d00000,0x00000000d5d38000,0x00000000d5d80000)
  to   space 512K, 0% used [0x00000000d5d80000,0x00000000d5d80000,0x00000000d5e00000)
 ParOldGen       total 849920K, used 849527K [0x0000000080000000, 0x00000000b3e00000, 0x00000000d5580000)
  object space 849920K, 99% used [0x0000000080000000,0x00000000b3d9dd28,0x00000000b3e00000)
 Metaspace       used 105894K, committed 107968K, reserved 1179648K
  class space    used 11012K, committed 11968K, reserved 1048576K
}
Event: 177321.957 GC heap before
{Heap before GC invocations=2798 (full 6):
 PSYoungGen      total 7680K, used 7392K [0x00000000d5580000, 0x00000000d5e00000, 0x0000000100000000)
  eden space 7168K, 100% used [0x00000000d5580000,0x00000000d5c80000,0x00000000d5c80000)
  from space 512K, 43% used [0x00000000d5d00000,0x00000000d5d38000,0x00000000d5d80000)
  to   space 512K, 0% used [0x00000000d5d80000,0x00000000d5d80000,0x00000000d5e00000)
 ParOldGen       total 849920K, used 849527K [0x0000000080000000, 0x00000000b3e00000, 0x00000000d5580000)
  object space 849920K, 99% used [0x0000000080000000,0x00000000b3d9dd28,0x00000000b3e00000)
 Metaspace       used 105894K, committed 107968K, reserved 1179648K
  class space    used 11012K, committed 11968K, reserved 1048576K
}
Event: 177322.064 GC heap after
{Heap after GC invocations=2798 (full 6):
 PSYoungGen      total 7680K, used 224K [0x00000000d5580000, 0x00000000d5e00000, 0x0000000100000000)
  eden space 7168K, 0% used [0x00000000d5580000,0x00000000d5580000,0x00000000d5c80000)
  from space 512K, 43% used [0x00000000d5d80000,0x00000000d5db8000,0x00000000d5e00000)
  to   space 512K, 0% used [0x00000000d5d00000,0x00000000d5d00000,0x00000000d5d80000)
 ParOldGen       total 849920K, used 849591K [0x0000000080000000, 0x00000000b3e00000, 0x00000000d5580000)
  object space 849920K, 99% used [0x0000000080000000,0x00000000b3dadd28,0x00000000b3e00000)
 Metaspace       used 105894K, committed 107968K, reserved 1179648K
  class space    used 11012K, committed 11968K, reserved 1048576K
}
Event: 187435.556 GC heap before
{Heap before GC invocations=2799 (full 6):
 PSYoungGen      total 7680K, used 7392K [0x00000000d5580000, 0x00000000d5e00000, 0x0000000100000000)
  eden space 7168K, 100% used [0x00000000d5580000,0x00000000d5c80000,0x00000000d5c80000)
  from space 512K, 43% used [0x00000000d5d80000,0x00000000d5db8000,0x00000000d5e00000)
  to   space 512K, 0% used [0x00000000d5d00000,0x00000000d5d00000,0x00000000d5d80000)
 ParOldGen       total 849920K, used 849591K [0x0000000080000000, 0x00000000b3e00000, 0x00000000d5580000)
  object space 849920K, 99% used [0x0000000080000000,0x00000000b3dadd28,0x00000000b3e00000)
 Metaspace       used 105894K, committed 107968K, reserved 1179648K
  class space    used 11012K, committed 11968K, reserved 1048576K
}
Event: 187435.661 GC heap after
{Heap after GC invocations=2799 (full 6):
 PSYoungGen      total 7680K, used 224K [0x00000000d5580000, 0x00000000d5e00000, 0x0000000100000000)
  eden space 7168K, 0% used [0x00000000d5580000,0x00000000d5580000,0x00000000d5c80000)
  from space 512K, 43% used [0x00000000d5d00000,0x00000000d5d38000,0x00000000d5d80000)
  to   space 512K, 0% used [0x00000000d5d80000,0x00000000d5d80000,0x00000000d5e00000)
 ParOldGen       total 849920K, used 849679K [0x0000000080000000, 0x00000000b3e00000, 0x00000000d5580000)
  object space 849920K, 99% used [0x0000000080000000,0x00000000b3dc3e48,0x00000000b3e00000)
 Metaspace       used 105894K, committed 107968K, reserved 1179648K
  class space    used 11012K, committed 11968K, reserved 1048576K
}
Event: 197778.945 GC heap before
{Heap before GC invocations=2800 (full 6):
 PSYoungGen      total 7680K, used 7392K [0x00000000d5580000, 0x00000000d5e00000, 0x0000000100000000)
  eden space 7168K, 100% used [0x00000000d5580000,0x00000000d5c80000,0x00000000d5c80000)
  from space 512K, 43% used [0x00000000d5d00000,0x00000000d5d38000,0x00000000d5d80000)
  to   space 512K, 0% used [0x00000000d5d80000,0x00000000d5d80000,0x00000000d5e00000)
 ParOldGen       total 849920K, used 849679K [0x0000000080000000, 0x00000000b3e00000, 0x00000000d5580000)
  object space 849920K, 99% used [0x0000000080000000,0x00000000b3dc3e48,0x00000000b3e00000)
 Metaspace       used 105894K, committed 107968K, reserved 1179648K
  class space    used 11012K, committed 11968K, reserved 1048576K
}
Event: 197779.046 GC heap after
{Heap after GC invocations=2800 (full 6):
 PSYoungGen      total 7680K, used 224K [0x00000000d5580000, 0x00000000d5e00000, 0x0000000100000000)
  eden space 7168K, 0% used [0x00000000d5580000,0x00000000d5580000,0x00000000d5c80000)
  from space 512K, 43% used [0x00000000d5d80000,0x00000000d5db8000,0x00000000d5e00000)
  to   space 512K, 0% used [0x00000000d5d00000,0x00000000d5d00000,0x00000000d5d80000)
 ParOldGen       total 849920K, used 849743K [0x0000000080000000, 0x00000000b3e00000, 0x00000000d5580000)
  object space 849920K, 99% used [0x0000000080000000,0x00000000b3dd3e48,0x00000000b3e00000)
 Metaspace       used 105894K, committed 107968K, reserved 1179648K
  class space    used 11012K, committed 11968K, reserved 1048576K
}
Event: 208303.949 GC heap before
{Heap before GC invocations=2801 (full 6):
 PSYoungGen      total 7680K, used 7392K [0x00000000d5580000, 0x00000000d5e00000, 0x0000000100000000)
  eden space 7168K, 100% used [0x00000000d5580000,0x00000000d5c80000,0x00000000d5c80000)
  from space 512K, 43% used [0x00000000d5d80000,0x00000000d5db8000,0x00000000d5e00000)
  to   space 512K, 0% used [0x00000000d5d00000,0x00000000d5d00000,0x00000000d5d80000)
 ParOldGen       total 849920K, used 849743K [0x0000000080000000, 0x00000000b3e00000, 0x00000000d5580000)
  object space 849920K, 99% used [0x0000000080000000,0x00000000b3dd3e48,0x00000000b3e00000)
 Metaspace       used 105895K, committed 107968K, reserved 1179648K
  class space    used 11012K, committed 11968K, reserved 1048576K
}
Event: 208304.063 GC heap after
{Heap after GC invocations=2801 (full 6):
 PSYoungGen      total 7680K, used 256K [0x00000000d5580000, 0x00000000d5e00000, 0x0000000100000000)
  eden space 7168K, 0% used [0x00000000d5580000,0x00000000d5580000,0x00000000d5c80000)
  from space 512K, 50% used [0x00000000d5d00000,0x00000000d5d40000,0x00000000d5d80000)
  to   space 512K, 0% used [0x00000000d5d80000,0x00000000d5d80000,0x00000000d5e00000)
 ParOldGen       total 849920K, used 849823K [0x0000000080000000, 0x00000000b3e00000, 0x00000000d5580000)
  object space 849920K, 99% used [0x0000000080000000,0x00000000b3de7e48,0x00000000b3e00000)
 Metaspace       used 105895K, committed 107968K, reserved 1179648K
  class space    used 11012K, committed 11968K, reserved 1048576K
}
Event: 218825.036 GC heap before
{Heap before GC invocations=2802 (full 6):
 PSYoungGen      total 7680K, used 7424K [0x00000000d5580000, 0x00000000d5e00000, 0x0000000100000000)
  eden space 7168K, 100% used [0x00000000d5580000,0x00000000d5c80000,0x00000000d5c80000)
  from space 512K, 50% used [0x00000000d5d00000,0x00000000d5d40000,0x00000000d5d80000)
  to   space 512K, 0% used [0x00000000d5d80000,0x00000000d5d80000,0x00000000d5e00000)
 ParOldGen       total 849920K, used 849823K [0x0000000080000000, 0x00000000b3e00000, 0x00000000d5580000)
  object space 849920K, 99% used [0x0000000080000000,0x00000000b3de7e48,0x00000000b3e00000)
 Metaspace       used 105895K, committed 107968K, reserved 1179648K
  class space    used 11012K, committed 11968K, reserved 1048576K
}
Event: 218825.144 GC heap after
{Heap after GC invocations=2802 (full 6):
 PSYoungGen      total 7680K, used 224K [0x00000000d5580000, 0x00000000d5e00000, 0x0000000100000000)
  eden space 7168K, 0% used [0x00000000d5580000,0x00000000d5580000,0x00000000d5c80000)
  from space 512K, 43% used [0x00000000d5d80000,0x00000000d5db8000,0x00000000d5e00000)
  to   space 512K, 0% used [0x00000000d5d00000,0x00000000d5d00000,0x00000000d5d80000)
 ParOldGen       total 849920K, used 849895K [0x0000000080000000, 0x00000000b3e00000, 0x00000000d5580000)
  object space 849920K, 99% used [0x0000000080000000,0x00000000b3df9e48,0x00000000b3e00000)
 Metaspace       used 105895K, committed 107968K, reserved 1179648K
  class space    used 11012K, committed 11968K, reserved 1048576K
}
Event: 229182.170 GC heap before
{Heap before GC invocations=2803 (full 6):
 PSYoungGen      total 7680K, used 7391K [0x00000000d5580000, 0x00000000d5e00000, 0x0000000100000000)
  eden space 7168K, 99% used [0x00000000d5580000,0x00000000d5c7ffe8,0x00000000d5c80000)
  from space 512K, 43% used [0x00000000d5d80000,0x00000000d5db8000,0x00000000d5e00000)
  to   space 512K, 0% used [0x00000000d5d00000,0x00000000d5d00000,0x00000000d5d80000)
 ParOldGen       total 849920K, used 849895K [0x0000000080000000, 0x00000000b3e00000, 0x00000000d5580000)
  object space 849920K, 99% used [0x0000000080000000,0x00000000b3df9e48,0x00000000b3e00000)
 Metaspace       used 105924K, committed 107968K, reserved 1179648K
  class space    used 11012K, committed 11968K, reserved 1048576K
}
Event: 229182.272 GC heap after
{Heap after GC invocations=2803 (full 6):
 PSYoungGen      total 7680K, used 224K [0x00000000d5580000, 0x00000000d5e00000, 0x0000000100000000)
  eden space 7168K, 0% used [0x00000000d5580000,0x00000000d5580000,0x00000000d5c80000)
  from space 512K, 43% used [0x00000000d5d00000,0x00000000d5d38000,0x00000000d5d80000)
  to   space 512K, 0% used [0x00000000d5d80000,0x00000000d5d80000,0x00000000d5e00000)
 ParOldGen       total 850432K, used 849975K [0x0000000080000000, 0x00000000b3e80000, 0x00000000d5580000)
  object space 850432K, 99% used [0x0000000080000000,0x00000000b3e0de48,0x00000000b3e80000)
 Metaspace       used 105924K, committed 107968K, reserved 1179648K
  class space    used 11012K, committed 11968K, reserved 1048576K
}
Event: 239766.553 GC heap before
{Heap before GC invocations=2804 (full 6):
 PSYoungGen      total 7680K, used 7392K [0x00000000d5580000, 0x00000000d5e00000, 0x0000000100000000)
  eden space 7168K, 100% used [0x00000000d5580000,0x00000000d5c80000,0x00000000d5c80000)
  from space 512K, 43% used [0x00000000d5d00000,0x00000000d5d38000,0x00000000d5d80000)
  to   space 512K, 0% used [0x00000000d5d80000,0x00000000d5d80000,0x00000000d5e00000)
 ParOldGen       total 850432K, used 849975K [0x0000000080000000, 0x00000000b3e80000, 0x00000000d5580000)
  object space 850432K, 99% used [0x0000000080000000,0x00000000b3e0de48,0x00000000b3e80000)
 Metaspace       used 105924K, committed 107968K, reserved 1179648K
  class space    used 11012K, committed 11968K, reserved 1048576K
}
Event: 239766.658 GC heap after
{Heap after GC invocations=2804 (full 6):
 PSYoungGen      total 7680K, used 224K [0x00000000d5580000, 0x00000000d5e00000, 0x0000000100000000)
  eden space 7168K, 0% used [0x00000000d5580000,0x00000000d5580000,0x00000000d5c80000)
  from space 512K, 43% used [0x00000000d5d80000,0x00000000d5db8000,0x00000000d5e00000)
  to   space 512K, 0% used [0x00000000d5d00000,0x00000000d5d00000,0x00000000d5d80000)
 ParOldGen       total 850432K, used 850039K [0x0000000080000000, 0x00000000b3e80000, 0x00000000d5580000)
  object space 850432K, 99% used [0x0000000080000000,0x00000000b3e1de48,0x00000000b3e80000)
 Metaspace       used 105924K, committed 107968K, reserved 1179648K
  class space    used 11012K, committed 11968K, reserved 1048576K
}
Event: 250173.141 GC heap before
{Heap before GC invocations=2805 (full 6):
 PSYoungGen      total 7680K, used 7392K [0x00000000d5580000, 0x00000000d5e00000, 0x0000000100000000)
  eden space 7168K, 100% used [0x00000000d5580000,0x00000000d5c80000,0x00000000d5c80000)
  from space 512K, 43% used [0x00000000d5d80000,0x00000000d5db8000,0x00000000d5e00000)
  to   space 512K, 0% used [0x00000000d5d00000,0x00000000d5d00000,0x00000000d5d80000)
 ParOldGen       total 850432K, used 850039K [0x0000000080000000, 0x00000000b3e80000, 0x00000000d5580000)
  object space 850432K, 99% used [0x0000000080000000,0x00000000b3e1de48,0x00000000b3e80000)
 Metaspace       used 105924K, committed 107968K, reserved 1179648K
  class space    used 11012K, committed 11968K, reserved 1048576K
}
Event: 250173.252 GC heap after
{Heap after GC invocations=2805 (full 6):
 PSYoungGen      total 7680K, used 248K [0x00000000d5580000, 0x00000000d5e00000, 0x0000000100000000)
  eden space 7168K, 0% used [0x00000000d5580000,0x00000000d5580000,0x00000000d5c80000)
  from space 512K, 48% used [0x00000000d5d00000,0x00000000d5d3e1a8,0x00000000d5d80000)
  to   space 512K, 0% used [0x00000000d5d80000,0x00000000d5d80000,0x00000000d5e00000)
 ParOldGen       total 850432K, used 850039K [0x0000000080000000, 0x00000000b3e80000, 0x00000000d5580000)
  object space 850432K, 99% used [0x0000000080000000,0x00000000b3e1de48,0x00000000b3e80000)
 Metaspace       used 105924K, committed 107968K, reserved 1179648K
  class space    used 11012K, committed 11968K, reserved 1048576K
}
Event: 260905.948 GC heap before
{Heap before GC invocations=2806 (full 6):
 PSYoungGen      total 7680K, used 7416K [0x00000000d5580000, 0x00000000d5e00000, 0x0000000100000000)
  eden space 7168K, 100% used [0x00000000d5580000,0x00000000d5c80000,0x00000000d5c80000)
  from space 512K, 48% used [0x00000000d5d00000,0x00000000d5d3e1a8,0x00000000d5d80000)
  to   space 512K, 0% used [0x00000000d5d80000,0x00000000d5d80000,0x00000000d5e00000)
 ParOldGen       total 850432K, used 850039K [0x0000000080000000, 0x00000000b3e80000, 0x00000000d5580000)
  object space 850432K, 99% used [0x0000000080000000,0x00000000b3e1de48,0x00000000b3e80000)
 Metaspace       used 105925K, committed 107968K, reserved 1179648K
  class space    used 11012K, committed 11968K, reserved 1048576K
}
Event: 260906.062 GC heap after
{Heap after GC invocations=2806 (full 6):
 PSYoungGen      total 7680K, used 256K [0x00000000d5580000, 0x00000000d5e00000, 0x0000000100000000)
  eden space 7168K, 0% used [0x00000000d5580000,0x00000000d5580000,0x00000000d5c80000)
  from space 512K, 50% used [0x00000000d5d80000,0x00000000d5dc0000,0x00000000d5e00000)
  to   space 512K, 0% used [0x00000000d5d00000,0x00000000d5d00000,0x00000000d5d80000)
 ParOldGen       total 850432K, used 850039K [0x0000000080000000, 0x00000000b3e80000, 0x00000000d5580000)
  object space 850432K, 99% used [0x0000000080000000,0x00000000b3e1de48,0x00000000b3e80000)
 Metaspace       used 105925K, committed 107968K, reserved 1179648K
  class space    used 11012K, committed 11968K, reserved 1048576K
}

